<?xml version="1.0" encoding="UTF-8" ?>
<testsuite tests="3" failures="1" name="org.apache.hadoop.minikdc.TestMiniKdc" time="3.213" errors="0" skipped="0">
  <properties>
    <property name="java.runtime.name" value="Java(TM) SE Runtime Environment"/>
    <property name="sun.boot.library.path" value="C:\Program Files (x86)\Java\jdk1.8.0_171\jre\bin"/>
    <property name="java.vm.version" value="25.171-b11"/>
    <property name="java.vm.vendor" value="Oracle Corporation"/>
    <property name="maven.multiModuleProjectDirectory" value="G:\Documents\School\College\MasonLeapLab_Research\ServerlessMDS\ServerlessNameNode\hadoop-common-project\hadoop-minikdc"/>
    <property name="java.vendor.url" value="http://java.oracle.com/"/>
    <property name="path.separator" value=";"/>
    <property name="guice.disable.misplaced.annotation.check" value="true"/>
    <property name="java.vm.name" value="Java HotSpot(TM) Client VM"/>
    <property name="file.encoding.pkg" value="sun.io"/>
    <property name="user.script" value=""/>
    <property name="user.country" value="US"/>
    <property name="sun.java.launcher" value="SUN_STANDARD"/>
    <property name="sun.os.patch.level" value=""/>
    <property name="java.vm.specification.name" value="Java Virtual Machine Specification"/>
    <property name="user.dir" value="G:\Documents\School\College\MasonLeapLab_Research\ServerlessMDS\ServerlessNameNode\hadoop-common-project\hadoop-minikdc"/>
    <property name="java.runtime.version" value="1.8.0_171-b11"/>
    <property name="java.awt.graphicsenv" value="sun.awt.Win32GraphicsEnvironment"/>
    <property name="java.endorsed.dirs" value="C:\Program Files (x86)\Java\jdk1.8.0_171\jre\lib\endorsed"/>
    <property name="os.arch" value="x86"/>
    <property name="java.io.tmpdir" value="C:\Users\benrc\AppData\Local\Temp\"/>
    <property name="line.separator" value="
"/>
    <property name="java.vm.specification.vendor" value="Oracle Corporation"/>
    <property name="user.variant" value=""/>
    <property name="os.name" value="Windows 10"/>
    <property name="classworlds.conf" value="C:\Program Files (x86)\maven\bin\..\bin\m2.conf"/>
    <property name="sun.jnu.encoding" value="Cp1252"/>
    <property name="java.library.path" value="C:\Program Files (x86)\Java\jdk1.8.0_171\bin;C:\WINDOWS\Sun\Java\bin;C:\WINDOWS\system32;C:\WINDOWS;G:\Programs\Rtools\bin;G:\Programs\Perl\site\bin;G:\Programs\Perl\bin;C:\Program Files (x86)\Razer Chroma SDK\bin;C:\Program Files\Razer Chroma SDK\bin;C:\Program Files (x86)\Common Files\Oracle\Java\javapath;C:\Windows\system32;C:\Windows;C:\Windows\System32\Wbem;C:\Windows\System32\WindowsPowerShell\v1.0\;C:\Windows\System32\OpenSSH\;C:\Program Files\PuTTY\;C:\Program Files (x86)\NVIDIA Corporation\PhysX\Common;G:\Programs\NodeJS\;C:\Windows\system32\config\systemprofile\AppData\Local\Microsoft\WindowsApps;C:\ProgramData\chocolatey\bin;C:\Program Files\Git\cmd;C:\Program Files (x86)\Common Files\Adobe\AGL;C:\Program Files\mingw-w64\x86_64-8.1.0-win32-seh-rt_v6-rev0\mingw64\bin;C:\Program Files\NVIDIA Corporation\NVIDIA NvDLISR;C:\Program Files\dotnet\;C:\WINDOWS\system32;C:\WINDOWS;C:\WINDOWS\System32\Wbem;C:\WINDOWS\System32\WindowsPowerShell\v1.0\;C:\WINDOWS\System32\OpenSSH\;G:\Programs\Go\bin;G:\Programs\gs9.27\bin;G:\Programs\FFMPEG\bin;G:\Programs\AWS_Sam\bin\;C:\Program Files\Docker\Docker\resources\bin;C:\ProgramData\DockerDesktop\version-bin;C:\Users\benrc\AppData\Local\Programs\Python\Python37-32\Scripts\;C:\Users\benrc\AppData\Local\Programs\Python\Python37-32\;C:\Users\benrc\AppData\Local\Microsoft\WindowsApps;C:\Users\benrc\AppData\Roaming\npm;C:\Program Files (x86)\Java\jdk1.8.0_171\bin;C:\Users\benrc\AppData\Local\Google\Cloud SDK\google-cloud-sdk\bin;C:\Program Files (x86)\yacc;C:\Program Files (x86)\GnuWin32\bin;C:\Program Files\mingw-w64\x86_64-8.1.0-win32-seh-rt_v6-rev0\mingw64\bin;C:\Program Files\CMake\bin;C:\Users\benrc\ngrok;C:\Users\benrc\AppData\Local\Programs\Python\Python37-32\Lib\site-packages\graphviz;G:\Programs\texlive\2019\bin\win32;C:\Users\benrc\go\bin;C:\Users\benrc\AppData\Local\Programs\Microsoft VS Code\bin;C:\Program Files (x86)\kops;C:\Program Files (x86)\maven\bin;G:\Programs\gs9.27\bin;G:\Programs\graphviz\bin;G:\Programs\FFMPEG\bin;G:\Documents\School\College\Dr. Cheng Research\gensort;G:\protoc\bin;G:\Programs\FissionCLI;G:\Programs\OpenFaaS CLI;G:\Programs\OpenWhiskCLI;G:\Programs\NuclioCLI;;."/>
    <property name="maven.conf" value="C:\Program Files (x86)\maven\bin\../conf"/>
    <property name="java.specification.name" value="Java Platform API Specification"/>
    <property name="java.class.version" value="52.0"/>
    <property name="sun.management.compiler" value="HotSpot Client Compiler"/>
    <property name="os.version" value="10.0"/>
    <property name="library.jansi.path" value="C:\Program Files (x86)\maven\bin\..\lib\jansi-native"/>
    <property name="user.home" value="C:\Users\benrc"/>
    <property name="user.timezone" value="America/New_York"/>
    <property name="java.awt.printerjob" value="sun.awt.windows.WPrinterJob"/>
    <property name="java.specification.version" value="1.8"/>
    <property name="file.encoding" value="Cp1252"/>
    <property name="user.name" value="ben"/>
    <property name="java.class.path" value="C:\Program Files (x86)\maven\bin\..\boot\plexus-classworlds-2.6.0.jar"/>
    <property name="java.vm.specification.version" value="1.8"/>
    <property name="sun.arch.data.model" value="32"/>
    <property name="java.home" value="C:\Program Files (x86)\Java\jdk1.8.0_171\jre"/>
    <property name="sun.java.command" value="org.codehaus.plexus.classworlds.launcher.Launcher install"/>
    <property name="java.specification.vendor" value="Oracle Corporation"/>
    <property name="user.language" value="en"/>
    <property name="awt.toolkit" value="sun.awt.windows.WToolkit"/>
    <property name="java.vm.info" value="mixed mode"/>
    <property name="java.version" value="1.8.0_171"/>
    <property name="java.ext.dirs" value="C:\Program Files (x86)\Java\jdk1.8.0_171\jre\lib\ext;C:\WINDOWS\Sun\Java\lib\ext"/>
    <property name="sun.boot.class.path" value="C:\Program Files (x86)\Java\jdk1.8.0_171\jre\lib\resources.jar;C:\Program Files (x86)\Java\jdk1.8.0_171\jre\lib\rt.jar;C:\Program Files (x86)\Java\jdk1.8.0_171\jre\lib\sunrsasign.jar;C:\Program Files (x86)\Java\jdk1.8.0_171\jre\lib\jsse.jar;C:\Program Files (x86)\Java\jdk1.8.0_171\jre\lib\jce.jar;C:\Program Files (x86)\Java\jdk1.8.0_171\jre\lib\charsets.jar;C:\Program Files (x86)\Java\jdk1.8.0_171\jre\lib\jfr.jar;C:\Program Files (x86)\Java\jdk1.8.0_171\jre\classes"/>
    <property name="sun.stderr.encoding" value="cp437"/>
    <property name="java.vendor" value="Oracle Corporation"/>
    <property name="maven.home" value="C:\Program Files (x86)\maven\bin\.."/>
    <property name="file.separator" value="\"/>
    <property name="java.vendor.url.bug" value="http://bugreport.sun.com/bugreport/"/>
    <property name="sun.cpu.endian" value="little"/>
    <property name="sun.io.unicode.encoding" value="UnicodeLittle"/>
    <property name="sun.stdout.encoding" value="cp437"/>
    <property name="sun.desktop" value="windows"/>
    <property name="sun.cpu.isalist" value="pentium_pro+mmx pentium_pro pentium+mmx pentium i486 i386 i86"/>
  </properties>
  <testcase classname="org.apache.hadoop.minikdc.TestMiniKdc" name="testKeytabGen" time="1.049"/>
  <testcase classname="org.apache.hadoop.minikdc.TestMiniKdc" name="testMiniKdcStart" time="1.031"/>
  <testcase classname="org.apache.hadoop.minikdc.TestMiniKdc" name="testKerberosLogin" time="1.133">
    <failure message="expected:&lt;1&gt; but was:&lt;2&gt;" type="java.lang.AssertionError">java.lang.AssertionError: expected:&lt;1&gt; but was:&lt;2&gt;
	at org.junit.Assert.fail(Assert.java:89)
	at org.junit.Assert.failNotEquals(Assert.java:835)
	at org.junit.Assert.assertEquals(Assert.java:647)
	at org.junit.Assert.assertEquals(Assert.java:633)
	at org.apache.hadoop.minikdc.TestMiniKdc.testKerberosLogin(TestMiniKdc.java:146)
	at sun.reflect.NativeMethodAccessorImpl.invoke0(Native Method)
	at sun.reflect.NativeMethodAccessorImpl.invoke(NativeMethodAccessorImpl.java:62)
	at sun.reflect.DelegatingMethodAccessorImpl.invoke(DelegatingMethodAccessorImpl.java:43)
	at java.lang.reflect.Method.invoke(Method.java:498)
	at org.junit.runners.model.FrameworkMethod$1.runReflectiveCall(FrameworkMethod.java:59)
	at org.junit.internal.runners.model.ReflectiveCallable.run(ReflectiveCallable.java:12)
	at org.junit.runners.model.FrameworkMethod.invokeExplosively(FrameworkMethod.java:56)
	at org.junit.internal.runners.statements.InvokeMethod.evaluate(InvokeMethod.java:17)
	at org.junit.internal.runners.statements.RunBefores.evaluate(RunBefores.java:26)
	at org.junit.internal.runners.statements.RunAfters.evaluate(RunAfters.java:27)
	at org.junit.runners.ParentRunner$3.evaluate(ParentRunner.java:306)
	at org.junit.runners.BlockJUnit4ClassRunner$1.evaluate(BlockJUnit4ClassRunner.java:100)
	at org.junit.runners.ParentRunner.runLeaf(ParentRunner.java:366)
	at org.junit.runners.BlockJUnit4ClassRunner.runChild(BlockJUnit4ClassRunner.java:103)
	at org.junit.runners.BlockJUnit4ClassRunner.runChild(BlockJUnit4ClassRunner.java:63)
	at org.junit.runners.ParentRunner$4.run(ParentRunner.java:331)
	at org.junit.runners.ParentRunner$1.schedule(ParentRunner.java:79)
	at org.junit.runners.ParentRunner.runChildren(ParentRunner.java:329)
	at org.junit.runners.ParentRunner.access$100(ParentRunner.java:66)
	at org.junit.runners.ParentRunner$2.evaluate(ParentRunner.java:293)
	at org.junit.runners.ParentRunner$3.evaluate(ParentRunner.java:306)
	at org.junit.runners.ParentRunner.run(ParentRunner.java:413)
	at org.apache.maven.surefire.junit4.JUnit4Provider.execute(JUnit4Provider.java:252)
	at org.apache.maven.surefire.junit4.JUnit4Provider.executeTestSet(JUnit4Provider.java:141)
	at org.apache.maven.surefire.junit4.JUnit4Provider.invoke(JUnit4Provider.java:112)
	at sun.reflect.NativeMethodAccessorImpl.invoke0(Native Method)
	at sun.reflect.NativeMethodAccessorImpl.invoke(NativeMethodAccessorImpl.java:62)
	at sun.reflect.DelegatingMethodAccessorImpl.invoke(DelegatingMethodAccessorImpl.java:43)
	at java.lang.reflect.Method.invoke(Method.java:498)
	at org.apache.maven.surefire.util.ReflectionUtils.invokeMethodWithArray(ReflectionUtils.java:189)
	at org.apache.maven.surefire.booter.ProviderFactory$ProviderProxy.invoke(ProviderFactory.java:165)
	at org.apache.maven.surefire.booter.ProviderFactory.invokeProvider(ProviderFactory.java:85)
	at org.apache.maven.surefire.booter.ForkedBooter.runSuitesInProcess(ForkedBooter.java:115)
	at org.apache.maven.surefire.booter.ForkedBooter.main(ForkedBooter.java:75)
</failure>
    <system-out>Debug is  true storeKey true useTicketCache true useKeyTab true doNotPrompt true ticketCache is null isInitiator true KeyTab is G:\Documents\School\College\MasonLeapLab_Research\ServerlessMDS\ServerlessNameNode\hadoop-common-project\hadoop-minikdc\target\foo.keytab refreshKrb5Config is true principal is foo tryFirstPass is false useFirstPass is false storePass is false clearPass is false
Refreshing Kerberos configuration
Acquire TGT from Cache
Principal is foo@EXAMPLE.COM
null credentials from Ticket Cache
principal is foo@EXAMPLE.COM
Will use keytab
Commit Succeeded 

		[Krb5LoginModule]: Entering logout
		[Krb5LoginModule]: logged out Subject
</system-out>
  </testcase>
</testsuite>