<?xml version="1.0" encoding="UTF-8" ?>
<testsuite tests="7" failures="0" name="org.apache.hadoop.security.authentication.client.TestPseudoAuthenticator" time="0.001" errors="0" skipped="0">
  <properties>
    <property name="java.runtime.name" value="Java(TM) SE Runtime Environment"/>
    <property name="sun.boot.library.path" value="C:\Program Files (x86)\Java\jdk1.8.0_171\jre\bin"/>
    <property name="java.vm.version" value="25.171-b11"/>
    <property name="java.vm.vendor" value="Oracle Corporation"/>
    <property name="maven.multiModuleProjectDirectory" value="G:\Documents\School\College\MasonLeapLab_Research\ServerlessMDS\ServerlessNameNode\hadoop-common-project\hadoop-auth"/>
    <property name="java.vendor.url" value="http://java.oracle.com/"/>
    <property name="path.separator" value=";"/>
    <property name="guice.disable.misplaced.annotation.check" value="true"/>
    <property name="java.vm.name" value="Java HotSpot(TM) Client VM"/>
    <property name="file.encoding.pkg" value="sun.io"/>
    <property name="user.script" value=""/>
    <property name="user.country" value="US"/>
    <property name="sun.java.launcher" value="SUN_STANDARD"/>
    <property name="sun.os.patch.level" value=""/>
    <property name="java.vm.specification.name" value="Java Virtual Machine Specification"/>
    <property name="user.dir" value="G:\Documents\School\College\MasonLeapLab_Research\ServerlessMDS\ServerlessNameNode\hadoop-common-project\hadoop-auth"/>
    <property name="java.runtime.version" value="1.8.0_171-b11"/>
    <property name="java.awt.graphicsenv" value="sun.awt.Win32GraphicsEnvironment"/>
    <property name="java.endorsed.dirs" value="C:\Program Files (x86)\Java\jdk1.8.0_171\jre\lib\endorsed"/>
    <property name="os.arch" value="x86"/>
    <property name="java.io.tmpdir" value="C:\Users\benrc\AppData\Local\Temp\"/>
    <property name="line.separator" value="
"/>
    <property name="java.vm.specification.vendor" value="Oracle Corporation"/>
    <property name="user.variant" value=""/>
    <property name="os.name" value="Windows 10"/>
    <property name="classworlds.conf" value="C:\Program Files (x86)\maven\bin\..\bin\m2.conf"/>
    <property name="sun.jnu.encoding" value="Cp1252"/>
    <property name="java.library.path" value="C:\Program Files (x86)\Java\jdk1.8.0_171\bin;C:\WINDOWS\Sun\Java\bin;C:\WINDOWS\system32;C:\WINDOWS;G:\Programs\Rtools\bin;G:\Programs\Perl\site\bin;G:\Programs\Perl\bin;C:\Program Files (x86)\Razer Chroma SDK\bin;C:\Program Files\Razer Chroma SDK\bin;C:\Program Files (x86)\Common Files\Oracle\Java\javapath;C:\Windows\system32;C:\Windows;C:\Windows\System32\Wbem;C:\Windows\System32\WindowsPowerShell\v1.0\;C:\Windows\System32\OpenSSH\;C:\Program Files\PuTTY\;C:\Program Files (x86)\NVIDIA Corporation\PhysX\Common;G:\Programs\NodeJS\;C:\Windows\system32\config\systemprofile\AppData\Local\Microsoft\WindowsApps;C:\ProgramData\chocolatey\bin;C:\Program Files\Git\cmd;C:\Program Files (x86)\Common Files\Adobe\AGL;C:\Program Files\mingw-w64\x86_64-8.1.0-win32-seh-rt_v6-rev0\mingw64\bin;C:\Program Files\NVIDIA Corporation\NVIDIA NvDLISR;C:\Program Files\dotnet\;C:\WINDOWS\system32;C:\WINDOWS;C:\WINDOWS\System32\Wbem;C:\WINDOWS\System32\WindowsPowerShell\v1.0\;C:\WINDOWS\System32\OpenSSH\;G:\Programs\Go\bin;G:\Programs\gs9.27\bin;G:\Programs\FFMPEG\bin;G:\Programs\AWS_Sam\bin\;C:\Program Files\Docker\Docker\resources\bin;C:\ProgramData\DockerDesktop\version-bin;C:\Users\benrc\AppData\Local\Programs\Python\Python37-32\Scripts\;C:\Users\benrc\AppData\Local\Programs\Python\Python37-32\;C:\Users\benrc\AppData\Local\Microsoft\WindowsApps;C:\Users\benrc\AppData\Roaming\npm;C:\Program Files (x86)\Java\jdk1.8.0_171\bin;C:\Users\benrc\AppData\Local\Google\Cloud SDK\google-cloud-sdk\bin;C:\Program Files (x86)\yacc;C:\Program Files (x86)\GnuWin32\bin;C:\Program Files\mingw-w64\x86_64-8.1.0-win32-seh-rt_v6-rev0\mingw64\bin;C:\Program Files\CMake\bin;C:\Users\benrc\ngrok;C:\Users\benrc\AppData\Local\Programs\Python\Python37-32\Lib\site-packages\graphviz;G:\Programs\texlive\2019\bin\win32;C:\Users\benrc\go\bin;C:\Users\benrc\AppData\Local\Programs\Microsoft VS Code\bin;C:\Program Files (x86)\kops;C:\Program Files (x86)\maven\bin;G:\Programs\gs9.27\bin;G:\Programs\graphviz\bin;G:\Programs\FFMPEG\bin;G:\Documents\School\College\Dr. Cheng Research\gensort;G:\protoc\bin;G:\Programs\FissionCLI;G:\Programs\OpenFaaS CLI;G:\Programs\OpenWhiskCLI;G:\Programs\NuclioCLI;;."/>
    <property name="maven.conf" value="C:\Program Files (x86)\maven\bin\../conf"/>
    <property name="java.specification.name" value="Java Platform API Specification"/>
    <property name="java.class.version" value="52.0"/>
    <property name="sun.management.compiler" value="HotSpot Client Compiler"/>
    <property name="os.version" value="10.0"/>
    <property name="library.jansi.path" value="C:\Program Files (x86)\maven\bin\..\lib\jansi-native"/>
    <property name="user.home" value="C:\Users\benrc"/>
    <property name="user.timezone" value="America/New_York"/>
    <property name="java.awt.printerjob" value="sun.awt.windows.WPrinterJob"/>
    <property name="java.specification.version" value="1.8"/>
    <property name="file.encoding" value="Cp1252"/>
    <property name="user.name" value="ben"/>
    <property name="java.class.path" value="C:\Program Files (x86)\maven\bin\..\boot\plexus-classworlds-2.6.0.jar"/>
    <property name="java.vm.specification.version" value="1.8"/>
    <property name="sun.arch.data.model" value="32"/>
    <property name="java.home" value="C:\Program Files (x86)\Java\jdk1.8.0_171\jre"/>
    <property name="sun.java.command" value="org.codehaus.plexus.classworlds.launcher.Launcher test"/>
    <property name="java.specification.vendor" value="Oracle Corporation"/>
    <property name="user.language" value="en"/>
    <property name="awt.toolkit" value="sun.awt.windows.WToolkit"/>
    <property name="java.vm.info" value="mixed mode"/>
    <property name="java.version" value="1.8.0_171"/>
    <property name="java.ext.dirs" value="C:\Program Files (x86)\Java\jdk1.8.0_171\jre\lib\ext;C:\WINDOWS\Sun\Java\lib\ext"/>
    <property name="sun.boot.class.path" value="C:\Program Files (x86)\Java\jdk1.8.0_171\jre\lib\resources.jar;C:\Program Files (x86)\Java\jdk1.8.0_171\jre\lib\rt.jar;C:\Program Files (x86)\Java\jdk1.8.0_171\jre\lib\sunrsasign.jar;C:\Program Files (x86)\Java\jdk1.8.0_171\jre\lib\jsse.jar;C:\Program Files (x86)\Java\jdk1.8.0_171\jre\lib\jce.jar;C:\Program Files (x86)\Java\jdk1.8.0_171\jre\lib\charsets.jar;C:\Program Files (x86)\Java\jdk1.8.0_171\jre\lib\jfr.jar;C:\Program Files (x86)\Java\jdk1.8.0_171\jre\classes"/>
    <property name="sun.stderr.encoding" value="cp437"/>
    <property name="java.vendor" value="Oracle Corporation"/>
    <property name="maven.home" value="C:\Program Files (x86)\maven\bin\.."/>
    <property name="file.separator" value="\"/>
    <property name="java.vendor.url.bug" value="http://bugreport.sun.com/bugreport/"/>
    <property name="sun.cpu.endian" value="little"/>
    <property name="sun.io.unicode.encoding" value="UnicodeLittle"/>
    <property name="sun.stdout.encoding" value="cp437"/>
    <property name="sun.desktop" value="windows"/>
    <property name="sun.cpu.isalist" value="pentium_pro+mmx pentium_pro pentium+mmx pentium i486 i386 i86"/>
  </properties>
  <testcase classname="org.apache.hadoop.security.authentication.client.TestPseudoAuthenticator" name="testAnonymousDisallowed" time="0.001"/>
  <testcase classname="org.apache.hadoop.security.authentication.client.TestPseudoAuthenticator" name="testAuthenticationAnonymousDisallowed" time="0"/>
  <testcase classname="org.apache.hadoop.security.authentication.client.TestPseudoAuthenticator" name="testAnonymousAllowed" time="0"/>
  <testcase classname="org.apache.hadoop.security.authentication.client.TestPseudoAuthenticator" name="testAuthenticationAnonymousAllowedWithPost" time="0"/>
  <testcase classname="org.apache.hadoop.security.authentication.client.TestPseudoAuthenticator" name="testGetUserName" time="0"/>
  <testcase classname="org.apache.hadoop.security.authentication.client.TestPseudoAuthenticator" name="testAuthenticationAnonymousDisallowedWithPost" time="0"/>
  <testcase classname="org.apache.hadoop.security.authentication.client.TestPseudoAuthenticator" name="testAuthenticationAnonymousAllowed" time="0"/>
</testsuite>