<?xml version="1.0" encoding="UTF-8" ?>
<testsuite tests="11" failures="3" name="org.apache.hadoop.security.authentication.client.TestKerberosAuthenticator" time="13.459" errors="0" skipped="0">
  <properties>
    <property name="java.runtime.name" value="Java(TM) SE Runtime Environment"/>
    <property name="sun.boot.library.path" value="C:\Program Files (x86)\Java\jdk1.8.0_171\jre\bin"/>
    <property name="java.vm.version" value="25.171-b11"/>
    <property name="java.vm.vendor" value="Oracle Corporation"/>
    <property name="maven.multiModuleProjectDirectory" value="G:\Documents\School\College\MasonLeapLab_Research\ServerlessMDS\ServerlessNameNode\hadoop-common-project\hadoop-auth"/>
    <property name="java.vendor.url" value="http://java.oracle.com/"/>
    <property name="path.separator" value=";"/>
    <property name="guice.disable.misplaced.annotation.check" value="true"/>
    <property name="java.vm.name" value="Java HotSpot(TM) Client VM"/>
    <property name="file.encoding.pkg" value="sun.io"/>
    <property name="user.script" value=""/>
    <property name="user.country" value="US"/>
    <property name="sun.java.launcher" value="SUN_STANDARD"/>
    <property name="sun.os.patch.level" value=""/>
    <property name="java.vm.specification.name" value="Java Virtual Machine Specification"/>
    <property name="user.dir" value="G:\Documents\School\College\MasonLeapLab_Research\ServerlessMDS\ServerlessNameNode\hadoop-common-project\hadoop-auth"/>
    <property name="java.runtime.version" value="1.8.0_171-b11"/>
    <property name="java.awt.graphicsenv" value="sun.awt.Win32GraphicsEnvironment"/>
    <property name="java.endorsed.dirs" value="C:\Program Files (x86)\Java\jdk1.8.0_171\jre\lib\endorsed"/>
    <property name="os.arch" value="x86"/>
    <property name="java.io.tmpdir" value="C:\Users\benrc\AppData\Local\Temp\"/>
    <property name="line.separator" value="
"/>
    <property name="java.vm.specification.vendor" value="Oracle Corporation"/>
    <property name="user.variant" value=""/>
    <property name="os.name" value="Windows 10"/>
    <property name="classworlds.conf" value="C:\Program Files (x86)\maven\bin\..\bin\m2.conf"/>
    <property name="sun.jnu.encoding" value="Cp1252"/>
    <property name="java.library.path" value="C:\Program Files (x86)\Java\jdk1.8.0_171\bin;C:\WINDOWS\Sun\Java\bin;C:\WINDOWS\system32;C:\WINDOWS;G:\Programs\Rtools\bin;G:\Programs\Perl\site\bin;G:\Programs\Perl\bin;C:\Program Files (x86)\Razer Chroma SDK\bin;C:\Program Files\Razer Chroma SDK\bin;C:\Program Files (x86)\Common Files\Oracle\Java\javapath;C:\Windows\system32;C:\Windows;C:\Windows\System32\Wbem;C:\Windows\System32\WindowsPowerShell\v1.0\;C:\Windows\System32\OpenSSH\;C:\Program Files\PuTTY\;C:\Program Files (x86)\NVIDIA Corporation\PhysX\Common;G:\Programs\NodeJS\;C:\Windows\system32\config\systemprofile\AppData\Local\Microsoft\WindowsApps;C:\ProgramData\chocolatey\bin;C:\Program Files\Git\cmd;C:\Program Files (x86)\Common Files\Adobe\AGL;C:\Program Files\mingw-w64\x86_64-8.1.0-win32-seh-rt_v6-rev0\mingw64\bin;C:\Program Files\NVIDIA Corporation\NVIDIA NvDLISR;C:\Program Files\dotnet\;C:\WINDOWS\system32;C:\WINDOWS;C:\WINDOWS\System32\Wbem;C:\WINDOWS\System32\WindowsPowerShell\v1.0\;C:\WINDOWS\System32\OpenSSH\;G:\Programs\Go\bin;G:\Programs\gs9.27\bin;G:\Programs\FFMPEG\bin;G:\Programs\AWS_Sam\bin\;C:\Program Files\Docker\Docker\resources\bin;C:\ProgramData\DockerDesktop\version-bin;C:\Users\benrc\AppData\Local\Programs\Python\Python37-32\Scripts\;C:\Users\benrc\AppData\Local\Programs\Python\Python37-32\;C:\Users\benrc\AppData\Local\Microsoft\WindowsApps;C:\Users\benrc\AppData\Roaming\npm;C:\Program Files (x86)\Java\jdk1.8.0_171\bin;C:\Users\benrc\AppData\Local\Google\Cloud SDK\google-cloud-sdk\bin;C:\Program Files (x86)\yacc;C:\Program Files (x86)\GnuWin32\bin;C:\Program Files\mingw-w64\x86_64-8.1.0-win32-seh-rt_v6-rev0\mingw64\bin;C:\Program Files\CMake\bin;C:\Users\benrc\ngrok;C:\Users\benrc\AppData\Local\Programs\Python\Python37-32\Lib\site-packages\graphviz;G:\Programs\texlive\2019\bin\win32;C:\Users\benrc\go\bin;C:\Users\benrc\AppData\Local\Programs\Microsoft VS Code\bin;C:\Program Files (x86)\kops;C:\Program Files (x86)\maven\bin;G:\Programs\gs9.27\bin;G:\Programs\graphviz\bin;G:\Programs\FFMPEG\bin;G:\Documents\School\College\Dr. Cheng Research\gensort;G:\protoc\bin;G:\Programs\FissionCLI;G:\Programs\OpenFaaS CLI;G:\Programs\OpenWhiskCLI;G:\Programs\NuclioCLI;;."/>
    <property name="maven.conf" value="C:\Program Files (x86)\maven\bin\../conf"/>
    <property name="java.specification.name" value="Java Platform API Specification"/>
    <property name="java.class.version" value="52.0"/>
    <property name="sun.management.compiler" value="HotSpot Client Compiler"/>
    <property name="os.version" value="10.0"/>
    <property name="library.jansi.path" value="C:\Program Files (x86)\maven\bin\..\lib\jansi-native"/>
    <property name="user.home" value="C:\Users\benrc"/>
    <property name="user.timezone" value="America/New_York"/>
    <property name="java.awt.printerjob" value="sun.awt.windows.WPrinterJob"/>
    <property name="java.specification.version" value="1.8"/>
    <property name="file.encoding" value="Cp1252"/>
    <property name="user.name" value="ben"/>
    <property name="java.class.path" value="C:\Program Files (x86)\maven\bin\..\boot\plexus-classworlds-2.6.0.jar"/>
    <property name="java.vm.specification.version" value="1.8"/>
    <property name="sun.arch.data.model" value="32"/>
    <property name="java.home" value="C:\Program Files (x86)\Java\jdk1.8.0_171\jre"/>
    <property name="sun.java.command" value="org.codehaus.plexus.classworlds.launcher.Launcher test"/>
    <property name="java.specification.vendor" value="Oracle Corporation"/>
    <property name="user.language" value="en"/>
    <property name="awt.toolkit" value="sun.awt.windows.WToolkit"/>
    <property name="java.vm.info" value="mixed mode"/>
    <property name="java.version" value="1.8.0_171"/>
    <property name="java.ext.dirs" value="C:\Program Files (x86)\Java\jdk1.8.0_171\jre\lib\ext;C:\WINDOWS\Sun\Java\lib\ext"/>
    <property name="sun.boot.class.path" value="C:\Program Files (x86)\Java\jdk1.8.0_171\jre\lib\resources.jar;C:\Program Files (x86)\Java\jdk1.8.0_171\jre\lib\rt.jar;C:\Program Files (x86)\Java\jdk1.8.0_171\jre\lib\sunrsasign.jar;C:\Program Files (x86)\Java\jdk1.8.0_171\jre\lib\jsse.jar;C:\Program Files (x86)\Java\jdk1.8.0_171\jre\lib\jce.jar;C:\Program Files (x86)\Java\jdk1.8.0_171\jre\lib\charsets.jar;C:\Program Files (x86)\Java\jdk1.8.0_171\jre\lib\jfr.jar;C:\Program Files (x86)\Java\jdk1.8.0_171\jre\classes"/>
    <property name="sun.stderr.encoding" value="cp437"/>
    <property name="java.vendor" value="Oracle Corporation"/>
    <property name="maven.home" value="C:\Program Files (x86)\maven\bin\.."/>
    <property name="file.separator" value="\"/>
    <property name="java.vendor.url.bug" value="http://bugreport.sun.com/bugreport/"/>
    <property name="sun.cpu.endian" value="little"/>
    <property name="sun.io.unicode.encoding" value="UnicodeLittle"/>
    <property name="sun.stdout.encoding" value="cp437"/>
    <property name="sun.desktop" value="windows"/>
    <property name="sun.cpu.isalist" value="pentium_pro+mmx pentium_pro pentium+mmx pentium i486 i386 i86"/>
  </properties>
  <testcase classname="org.apache.hadoop.security.authentication.client.TestKerberosAuthenticator" name="testNotAuthenticatedWithMultiAuthHandler" time="1.98"/>
  <testcase classname="org.apache.hadoop.security.authentication.client.TestKerberosAuthenticator" name="testAuthenticationHttpClientPostWithMultiAuthHandler" time="1.523">
    <failure message="expected:&lt;200&gt; but was:&lt;401&gt;" type="java.lang.AssertionError">java.lang.AssertionError: expected:&lt;200&gt; but was:&lt;401&gt;
	at org.junit.Assert.fail(Assert.java:88)
	at org.junit.Assert.failNotEquals(Assert.java:834)
	at org.junit.Assert.assertEquals(Assert.java:645)
	at org.junit.Assert.assertEquals(Assert.java:631)
	at org.apache.hadoop.security.authentication.client.AuthenticatorTestCase.doHttpClientRequest(AuthenticatorTestCase.java:236)
	at org.apache.hadoop.security.authentication.client.AuthenticatorTestCase._testAuthenticationHttpClient(AuthenticatorTestCase.java:246)
	at org.apache.hadoop.security.authentication.client.TestKerberosAuthenticator$6.call(TestKerberosAuthenticator.java:219)
	at org.apache.hadoop.security.authentication.client.TestKerberosAuthenticator$6.call(TestKerberosAuthenticator.java:216)
	at org.apache.hadoop.security.authentication.KerberosTestUtils$1.run(KerberosTestUtils.java:120)
	at java.security.AccessController.doPrivileged(Native Method)
	at javax.security.auth.Subject.doAs(Subject.java:422)
	at org.apache.hadoop.security.authentication.KerberosTestUtils.doAs(KerberosTestUtils.java:117)
	at org.apache.hadoop.security.authentication.KerberosTestUtils.doAsClient(KerberosTestUtils.java:133)
	at org.apache.hadoop.security.authentication.client.TestKerberosAuthenticator.testAuthenticationHttpClientPostWithMultiAuthHandler(TestKerberosAuthenticator.java:216)
	at sun.reflect.NativeMethodAccessorImpl.invoke0(Native Method)
	at sun.reflect.NativeMethodAccessorImpl.invoke(NativeMethodAccessorImpl.java:62)
	at sun.reflect.DelegatingMethodAccessorImpl.invoke(DelegatingMethodAccessorImpl.java:43)
	at java.lang.reflect.Method.invoke(Method.java:498)
	at org.junit.runners.model.FrameworkMethod$1.runReflectiveCall(FrameworkMethod.java:50)
	at org.junit.internal.runners.model.ReflectiveCallable.run(ReflectiveCallable.java:12)
	at org.junit.runners.model.FrameworkMethod.invokeExplosively(FrameworkMethod.java:47)
	at org.junit.internal.runners.statements.InvokeMethod.evaluate(InvokeMethod.java:17)
	at org.junit.internal.runners.statements.FailOnTimeout$CallableStatement.call(FailOnTimeout.java:298)
	at org.junit.internal.runners.statements.FailOnTimeout$CallableStatement.call(FailOnTimeout.java:292)
	at java.util.concurrent.FutureTask.run(FutureTask.java:266)
	at java.lang.Thread.run(Thread.java:748)
</failure>
    <system-out>Debug is  true storeKey true useTicketCache true useKeyTab true doNotPrompt true ticketCache is null isInitiator true KeyTab is G:\Documents\School\College\MasonLeapLab_Research\ServerlessMDS\ServerlessNameNode\hadoop-common-project\hadoop-auth\target\5953f64e-3876-4a6f-8c0c-39d3dbb6cf29 refreshKrb5Config is true principal is client@EXAMPLE.COM tryFirstPass is false useFirstPass is false storePass is false clearPass is false
Refreshing Kerberos configuration
Acquire TGT from Cache
Principal is client@EXAMPLE.COM
null credentials from Ticket Cache
principal is client@EXAMPLE.COM
Will use keytab
Commit Succeeded 

Running embedded servlet container at: http://localhost:50995
		[Krb5LoginModule]: Entering logout
		[Krb5LoginModule]: logged out Subject
</system-out>
    <system-err>2020-11-10 10:41:49,183 INFO  MiniKdc - Configuration:
2020-11-10 10:41:49,183 INFO  MiniKdc - ---------------------------------------------------------------
2020-11-10 10:41:49,184 INFO  MiniKdc -   debug: false
2020-11-10 10:41:49,184 INFO  MiniKdc -   transport: TCP
2020-11-10 10:41:49,184 INFO  MiniKdc -   max.ticket.lifetime: 86400000
2020-11-10 10:41:49,184 INFO  MiniKdc -   org.name: EXAMPLE
2020-11-10 10:41:49,184 INFO  MiniKdc -   kdc.port: 0
2020-11-10 10:41:49,184 INFO  MiniKdc -   org.domain: COM
2020-11-10 10:41:49,184 INFO  MiniKdc -   max.renewable.lifetime: 604800000
2020-11-10 10:41:49,184 INFO  MiniKdc -   instance: DefaultKrbServer
2020-11-10 10:41:49,184 INFO  MiniKdc -   kdc.bind.address: localhost
2020-11-10 10:41:49,184 INFO  MiniKdc - ---------------------------------------------------------------
2020-11-10 10:41:49,196 INFO  MiniKdc - MiniKdc started.
2020-11-10 10:41:49,276 INFO  KdcRequest - The preauth data is empty.
2020-11-10 10:41:49,284 INFO  KdcHandler - KRB error occurred while processing request: Additional pre-authentication required
2020-11-10 10:41:49,449 INFO  AsRequest - AS_REQ ISSUE: authtime 1605022909447,client@EXAMPLE.COM for krbtgt/EXAMPLE.COM@EXAMPLE.COM
2020-11-10 10:41:49,458 INFO  Server - jetty-9.3.19.v20170502
2020-11-10 10:41:49,460 INFO  MultiSchemeAuthenticationHandler - multi-scheme-auth-handler.schemes : negotiate
2020-11-10 10:41:49,460 INFO  MultiSchemeAuthenticationHandler - kerberos.keytab : G:\Documents\School\College\MasonLeapLab_Research\ServerlessMDS\ServerlessNameNode\hadoop-common-project\hadoop-auth\target\5953f64e-3876-4a6f-8c0c-39d3dbb6cf29
2020-11-10 10:41:49,460 INFO  MultiSchemeAuthenticationHandler - type : multi-scheme
2020-11-10 10:41:49,460 INFO  MultiSchemeAuthenticationHandler - multi-scheme-auth-handler.schemes.negotiate.handler : kerberos
2020-11-10 10:41:49,460 INFO  MultiSchemeAuthenticationHandler - kerberos.name.rules : RULE:[1:$1@$0](.*@EXAMPLE.COM)s/@.*//

2020-11-10 10:41:49,460 INFO  MultiSchemeAuthenticationHandler - kerberos.principal : HTTP/localhost@EXAMPLE.COM
2020-11-10 10:41:49,460 INFO  KerberosAuthenticationHandler - Using keytab G:\Documents\School\College\MasonLeapLab_Research\ServerlessMDS\ServerlessNameNode\hadoop-common-project\hadoop-auth\target\5953f64e-3876-4a6f-8c0c-39d3dbb6cf29, for principal HTTP/localhost@EXAMPLE.COM
2020-11-10 10:41:49,461 INFO  MultiSchemeAuthenticationHandler - Successfully initialized Authentication handler of type org.apache.hadoop.security.authentication.server.KerberosAuthenticationHandler
2020-11-10 10:41:49,461 INFO  MultiSchemeAuthenticationHandler - Successfully initialized MultiSchemeAuthenticationHandler
2020-11-10 10:41:49,461 INFO  ContextHandler - Started o.e.j.s.ServletContextHandler@e70ba5{/foo,null,AVAILABLE}
2020-11-10 10:41:49,466 INFO  AbstractConnector - Started ServerConnector@18173ef{HTTP/1.1,[http/1.1]}{localhost:50995}
2020-11-10 10:41:49,466 INFO  Server - Started @3063ms
2020-11-10 10:41:49,687 ERROR KdcRequest - Principal: HTTP/kubernetes.docker.internal@EXAMPLE.COM is not known
2020-11-10 10:41:49,688 WARN  HttpAuthenticator - NEGOTIATE authentication error: No valid credentials provided (Mechanism level: No valid credentials provided (Mechanism level: Server not found in Kerberos database (7) - Server not found in Kerberos database))
2020-11-10 10:41:49,697 INFO  AbstractConnector - Stopped ServerConnector@18173ef{HTTP/1.1,[http/1.1]}{localhost:50995}
2020-11-10 10:41:49,697 INFO  ContextHandler - Stopped o.e.j.s.ServletContextHandler@e70ba5{/foo,null,UNAVAILABLE}
2020-11-10 10:41:49,698 INFO  DefaultInternalKdcServerImpl - Default Internal kdc server stopped.
2020-11-10 10:41:50,702 INFO  MiniKdc - MiniKdc stopped.
</system-err>
  </testcase>
  <testcase classname="org.apache.hadoop.security.authentication.client.TestKerberosAuthenticator" name="testNotAuthenticated" time="1.054"/>
  <testcase classname="org.apache.hadoop.security.authentication.client.TestKerberosAuthenticator" name="testAuthenticationHttpClient" time="1.109">
    <failure message="expected:&lt;200&gt; but was:&lt;401&gt;" type="java.lang.AssertionError">java.lang.AssertionError: expected:&lt;200&gt; but was:&lt;401&gt;
	at org.junit.Assert.fail(Assert.java:88)
	at org.junit.Assert.failNotEquals(Assert.java:834)
	at org.junit.Assert.assertEquals(Assert.java:645)
	at org.junit.Assert.assertEquals(Assert.java:631)
	at org.apache.hadoop.security.authentication.client.AuthenticatorTestCase.doHttpClientRequest(AuthenticatorTestCase.java:236)
	at org.apache.hadoop.security.authentication.client.AuthenticatorTestCase._testAuthenticationHttpClient(AuthenticatorTestCase.java:246)
	at org.apache.hadoop.security.authentication.client.TestKerberosAuthenticator$3.call(TestKerberosAuthenticator.java:157)
	at org.apache.hadoop.security.authentication.client.TestKerberosAuthenticator$3.call(TestKerberosAuthenticator.java:154)
	at org.apache.hadoop.security.authentication.KerberosTestUtils$1.run(KerberosTestUtils.java:120)
	at java.security.AccessController.doPrivileged(Native Method)
	at javax.security.auth.Subject.doAs(Subject.java:422)
	at org.apache.hadoop.security.authentication.KerberosTestUtils.doAs(KerberosTestUtils.java:117)
	at org.apache.hadoop.security.authentication.KerberosTestUtils.doAsClient(KerberosTestUtils.java:133)
	at org.apache.hadoop.security.authentication.client.TestKerberosAuthenticator.testAuthenticationHttpClient(TestKerberosAuthenticator.java:154)
	at sun.reflect.NativeMethodAccessorImpl.invoke0(Native Method)
	at sun.reflect.NativeMethodAccessorImpl.invoke(NativeMethodAccessorImpl.java:62)
	at sun.reflect.DelegatingMethodAccessorImpl.invoke(DelegatingMethodAccessorImpl.java:43)
	at java.lang.reflect.Method.invoke(Method.java:498)
	at org.junit.runners.model.FrameworkMethod$1.runReflectiveCall(FrameworkMethod.java:50)
	at org.junit.internal.runners.model.ReflectiveCallable.run(ReflectiveCallable.java:12)
	at org.junit.runners.model.FrameworkMethod.invokeExplosively(FrameworkMethod.java:47)
	at org.junit.internal.runners.statements.InvokeMethod.evaluate(InvokeMethod.java:17)
	at org.junit.internal.runners.statements.FailOnTimeout$CallableStatement.call(FailOnTimeout.java:298)
	at org.junit.internal.runners.statements.FailOnTimeout$CallableStatement.call(FailOnTimeout.java:292)
	at java.util.concurrent.FutureTask.run(FutureTask.java:266)
	at java.lang.Thread.run(Thread.java:748)
</failure>
    <system-out>Debug is  true storeKey true useTicketCache true useKeyTab true doNotPrompt true ticketCache is null isInitiator true KeyTab is G:\Documents\School\College\MasonLeapLab_Research\ServerlessMDS\ServerlessNameNode\hadoop-common-project\hadoop-auth\target\5953f64e-3876-4a6f-8c0c-39d3dbb6cf29 refreshKrb5Config is true principal is client@EXAMPLE.COM tryFirstPass is false useFirstPass is false storePass is false clearPass is false
Refreshing Kerberos configuration
Acquire TGT from Cache
Principal is client@EXAMPLE.COM
null credentials from Ticket Cache
principal is client@EXAMPLE.COM
Will use keytab
Commit Succeeded 

Running embedded servlet container at: http://localhost:51022
		[Krb5LoginModule]: Entering logout
		[Krb5LoginModule]: logged out Subject
</system-out>
    <system-err>2020-11-10 10:41:51,761 INFO  MiniKdc - Configuration:
2020-11-10 10:41:51,761 INFO  MiniKdc - ---------------------------------------------------------------
2020-11-10 10:41:51,761 INFO  MiniKdc -   debug: false
2020-11-10 10:41:51,761 INFO  MiniKdc -   transport: TCP
2020-11-10 10:41:51,761 INFO  MiniKdc -   max.ticket.lifetime: 86400000
2020-11-10 10:41:51,761 INFO  MiniKdc -   org.name: EXAMPLE
2020-11-10 10:41:51,761 INFO  MiniKdc -   kdc.port: 0
2020-11-10 10:41:51,761 INFO  MiniKdc -   org.domain: COM
2020-11-10 10:41:51,761 INFO  MiniKdc -   max.renewable.lifetime: 604800000
2020-11-10 10:41:51,761 INFO  MiniKdc -   instance: DefaultKrbServer
2020-11-10 10:41:51,761 INFO  MiniKdc -   kdc.bind.address: localhost
2020-11-10 10:41:51,761 INFO  MiniKdc - ---------------------------------------------------------------
2020-11-10 10:41:51,774 INFO  MiniKdc - MiniKdc started.
2020-11-10 10:41:51,803 INFO  KdcRequest - The preauth data is empty.
2020-11-10 10:41:51,826 INFO  KdcHandler - KRB error occurred while processing request: Additional pre-authentication required
2020-11-10 10:41:51,832 INFO  AsRequest - AS_REQ ISSUE: authtime 1605022911831,client@EXAMPLE.COM for krbtgt/EXAMPLE.COM@EXAMPLE.COM
2020-11-10 10:41:51,835 INFO  Server - jetty-9.3.19.v20170502
2020-11-10 10:41:51,837 INFO  KerberosAuthenticationHandler - Using keytab G:\Documents\School\College\MasonLeapLab_Research\ServerlessMDS\ServerlessNameNode\hadoop-common-project\hadoop-auth\target\5953f64e-3876-4a6f-8c0c-39d3dbb6cf29, for principal HTTP/localhost@EXAMPLE.COM
2020-11-10 10:41:51,838 INFO  ContextHandler - Started o.e.j.s.ServletContextHandler@1d39f04{/foo,null,AVAILABLE}
2020-11-10 10:41:51,843 INFO  AbstractConnector - Started ServerConnector@62d6ac{HTTP/1.1,[http/1.1]}{localhost:51022}
2020-11-10 10:41:51,844 INFO  Server - Started @5440ms
2020-11-10 10:41:51,859 ERROR KdcRequest - Principal: HTTP/kubernetes.docker.internal@EXAMPLE.COM is not known
2020-11-10 10:41:51,860 WARN  HttpAuthenticator - NEGOTIATE authentication error: No valid credentials provided (Mechanism level: No valid credentials provided (Mechanism level: Server not found in Kerberos database (7) - Server not found in Kerberos database))
2020-11-10 10:41:51,864 INFO  AbstractConnector - Stopped ServerConnector@62d6ac{HTTP/1.1,[http/1.1]}{localhost:51022}
2020-11-10 10:41:51,864 INFO  ContextHandler - Stopped o.e.j.s.ServletContextHandler@1d39f04{/foo,null,UNAVAILABLE}
2020-11-10 10:41:51,865 INFO  DefaultInternalKdcServerImpl - Default Internal kdc server stopped.
2020-11-10 10:41:52,868 INFO  MiniKdc - MiniKdc stopped.
</system-err>
  </testcase>
  <testcase classname="org.apache.hadoop.security.authentication.client.TestKerberosAuthenticator" name="testAuthentication" time="1.151"/>
  <testcase classname="org.apache.hadoop.security.authentication.client.TestKerberosAuthenticator" name="testWrapExceptionWithMessage" time="1.059"/>
  <testcase classname="org.apache.hadoop.security.authentication.client.TestKerberosAuthenticator" name="testAuthenticationPost" time="1.125"/>
  <testcase classname="org.apache.hadoop.security.authentication.client.TestKerberosAuthenticator" name="testFallbacktoPseudoAuthenticatorAnonymous" time="1.06"/>
  <testcase classname="org.apache.hadoop.security.authentication.client.TestKerberosAuthenticator" name="testFallbacktoPseudoAuthenticator" time="1.061"/>
  <testcase classname="org.apache.hadoop.security.authentication.client.TestKerberosAuthenticator" name="testAuthenticationHttpClientPost" time="1.122">
    <failure message="expected:&lt;200&gt; but was:&lt;401&gt;" type="java.lang.AssertionError">java.lang.AssertionError: expected:&lt;200&gt; but was:&lt;401&gt;
	at org.junit.Assert.fail(Assert.java:88)
	at org.junit.Assert.failNotEquals(Assert.java:834)
	at org.junit.Assert.assertEquals(Assert.java:645)
	at org.junit.Assert.assertEquals(Assert.java:631)
	at org.apache.hadoop.security.authentication.client.AuthenticatorTestCase.doHttpClientRequest(AuthenticatorTestCase.java:236)
	at org.apache.hadoop.security.authentication.client.AuthenticatorTestCase._testAuthenticationHttpClient(AuthenticatorTestCase.java:246)
	at org.apache.hadoop.security.authentication.client.TestKerberosAuthenticator$4.call(TestKerberosAuthenticator.java:171)
	at org.apache.hadoop.security.authentication.client.TestKerberosAuthenticator$4.call(TestKerberosAuthenticator.java:168)
	at org.apache.hadoop.security.authentication.KerberosTestUtils$1.run(KerberosTestUtils.java:120)
	at java.security.AccessController.doPrivileged(Native Method)
	at javax.security.auth.Subject.doAs(Subject.java:422)
	at org.apache.hadoop.security.authentication.KerberosTestUtils.doAs(KerberosTestUtils.java:117)
	at org.apache.hadoop.security.authentication.KerberosTestUtils.doAsClient(KerberosTestUtils.java:133)
	at org.apache.hadoop.security.authentication.client.TestKerberosAuthenticator.testAuthenticationHttpClientPost(TestKerberosAuthenticator.java:168)
	at sun.reflect.NativeMethodAccessorImpl.invoke0(Native Method)
	at sun.reflect.NativeMethodAccessorImpl.invoke(NativeMethodAccessorImpl.java:62)
	at sun.reflect.DelegatingMethodAccessorImpl.invoke(DelegatingMethodAccessorImpl.java:43)
	at java.lang.reflect.Method.invoke(Method.java:498)
	at org.junit.runners.model.FrameworkMethod$1.runReflectiveCall(FrameworkMethod.java:50)
	at org.junit.internal.runners.model.ReflectiveCallable.run(ReflectiveCallable.java:12)
	at org.junit.runners.model.FrameworkMethod.invokeExplosively(FrameworkMethod.java:47)
	at org.junit.internal.runners.statements.InvokeMethod.evaluate(InvokeMethod.java:17)
	at org.junit.internal.runners.statements.FailOnTimeout$CallableStatement.call(FailOnTimeout.java:298)
	at org.junit.internal.runners.statements.FailOnTimeout$CallableStatement.call(FailOnTimeout.java:292)
	at java.util.concurrent.FutureTask.run(FutureTask.java:266)
	at java.lang.Thread.run(Thread.java:748)
</failure>
    <system-out>Debug is  true storeKey true useTicketCache true useKeyTab true doNotPrompt true ticketCache is null isInitiator true KeyTab is G:\Documents\School\College\MasonLeapLab_Research\ServerlessMDS\ServerlessNameNode\hadoop-common-project\hadoop-auth\target\5953f64e-3876-4a6f-8c0c-39d3dbb6cf29 refreshKrb5Config is true principal is client@EXAMPLE.COM tryFirstPass is false useFirstPass is false storePass is false clearPass is false
Refreshing Kerberos configuration
Acquire TGT from Cache
Principal is client@EXAMPLE.COM
null credentials from Ticket Cache
principal is client@EXAMPLE.COM
Will use keytab
Commit Succeeded 

Running embedded servlet container at: http://localhost:51098
		[Krb5LoginModule]: Entering logout
		[Krb5LoginModule]: logged out Subject
</system-out>
    <system-err>2020-11-10 10:41:58,326 INFO  MiniKdc - Configuration:
2020-11-10 10:41:58,326 INFO  MiniKdc - ---------------------------------------------------------------
2020-11-10 10:41:58,326 INFO  MiniKdc -   debug: false
2020-11-10 10:41:58,326 INFO  MiniKdc -   transport: TCP
2020-11-10 10:41:58,326 INFO  MiniKdc -   max.ticket.lifetime: 86400000
2020-11-10 10:41:58,326 INFO  MiniKdc -   org.name: EXAMPLE
2020-11-10 10:41:58,326 INFO  MiniKdc -   kdc.port: 0
2020-11-10 10:41:58,326 INFO  MiniKdc -   org.domain: COM
2020-11-10 10:41:58,326 INFO  MiniKdc -   max.renewable.lifetime: 604800000
2020-11-10 10:41:58,326 INFO  MiniKdc -   instance: DefaultKrbServer
2020-11-10 10:41:58,326 INFO  MiniKdc -   kdc.bind.address: localhost
2020-11-10 10:41:58,326 INFO  MiniKdc - ---------------------------------------------------------------
2020-11-10 10:41:58,343 INFO  MiniKdc - MiniKdc started.
2020-11-10 10:41:58,376 INFO  KdcRequest - The preauth data is empty.
2020-11-10 10:41:58,376 INFO  KdcHandler - KRB error occurred while processing request: Additional pre-authentication required
2020-11-10 10:41:58,383 INFO  AsRequest - AS_REQ ISSUE: authtime 1605022918382,client@EXAMPLE.COM for krbtgt/EXAMPLE.COM@EXAMPLE.COM
2020-11-10 10:41:58,385 INFO  Server - jetty-9.3.19.v20170502
2020-11-10 10:41:58,387 INFO  KerberosAuthenticationHandler - Using keytab G:\Documents\School\College\MasonLeapLab_Research\ServerlessMDS\ServerlessNameNode\hadoop-common-project\hadoop-auth\target\5953f64e-3876-4a6f-8c0c-39d3dbb6cf29, for principal HTTP/localhost@EXAMPLE.COM
2020-11-10 10:41:58,388 INFO  ContextHandler - Started o.e.j.s.ServletContextHandler@1416654{/foo,null,AVAILABLE}
2020-11-10 10:41:58,396 INFO  AbstractConnector - Started ServerConnector@1f43794{HTTP/1.1,[http/1.1]}{localhost:51098}
2020-11-10 10:41:58,396 INFO  Server - Started @11992ms
2020-11-10 10:41:58,437 ERROR KdcRequest - Principal: HTTP/kubernetes.docker.internal@EXAMPLE.COM is not known
2020-11-10 10:41:58,438 WARN  HttpAuthenticator - NEGOTIATE authentication error: No valid credentials provided (Mechanism level: No valid credentials provided (Mechanism level: Server not found in Kerberos database (7) - Server not found in Kerberos database))
2020-11-10 10:41:58,442 INFO  AbstractConnector - Stopped ServerConnector@1f43794{HTTP/1.1,[http/1.1]}{localhost:51098}
2020-11-10 10:41:58,443 INFO  ContextHandler - Stopped o.e.j.s.ServletContextHandler@1416654{/foo,null,UNAVAILABLE}
2020-11-10 10:41:58,444 INFO  DefaultInternalKdcServerImpl - Default Internal kdc server stopped.
2020-11-10 10:41:59,447 INFO  MiniKdc - MiniKdc stopped.
</system-err>
  </testcase>
  <testcase classname="org.apache.hadoop.security.authentication.client.TestKerberosAuthenticator" name="testAuthenticationWithMultiAuthHandler" time="1.215"/>
</testsuite>